0 info it worked if it ends with ok
1 verbose cli [ '/Users/vsomodi/.nvm/versions/node/v5.5.0/bin/node',
1 verbose cli   '/Users/vsomodi/.nvm/versions/node/v5.5.0/bin/npm',
1 verbose cli   'publish' ]
2 info using npm@3.7.3
3 info using node@v5.8.0
4 verbose publish [ '.' ]
5 silly cache add args [ '.', null ]
6 verbose cache add spec .
7 silly cache add parsed spec Result {
7 silly cache add   raw: '.',
7 silly cache add   scope: null,
7 silly cache add   name: null,
7 silly cache add   rawSpec: '.',
7 silly cache add   spec: '/Users/vsomodi/Documents/workspace/require-html',
7 silly cache add   type: 'directory' }
8 verbose addLocalDirectory /Users/vsomodi/.npm/require-html/1.0.0/package.tgz not in flight; packing
9 verbose correctMkdir /Users/vsomodi/.npm correctMkdir not in flight; initializing
10 info lifecycle require-html@1.0.0~prepublish: require-html@1.0.0
11 silly lifecycle require-html@1.0.0~prepublish: no script for prepublish, continuing
12 verbose tar pack [ '/Users/vsomodi/.npm/require-html/1.0.0/package.tgz',
12 verbose tar pack   '/Users/vsomodi/Documents/workspace/require-html' ]
13 verbose tarball /Users/vsomodi/.npm/require-html/1.0.0/package.tgz
14 verbose folder /Users/vsomodi/Documents/workspace/require-html
15 verbose addLocalTarball adding from inside cache /Users/vsomodi/.npm/require-html/1.0.0/package.tgz
16 verbose correctMkdir /Users/vsomodi/.npm correctMkdir not in flight; initializing
17 silly cache afterAdd require-html@1.0.0
18 verbose afterAdd /Users/vsomodi/.npm/require-html/1.0.0/package/package.json not in flight; writing
19 verbose correctMkdir /Users/vsomodi/.npm correctMkdir not in flight; initializing
20 verbose afterAdd /Users/vsomodi/.npm/require-html/1.0.0/package/package.json written
21 silly publish { name: 'require-html',
21 silly publish   version: '1.0.0',
21 silly publish   description: '',
21 silly publish   main: 'index.js',
21 silly publish   scripts: { test: 'echo "Error: no test specified" && exit 1' },
21 silly publish   repository:
21 silly publish    { type: 'git',
21 silly publish      url: 'git+https://github.com/Valetudox/require-html.git' },
21 silly publish   author: { name: 'Viktor Somodi', email: 'viktor.somodi@emarsys.com' },
21 silly publish   license: 'ISC',
21 silly publish   bugs: { url: 'https://github.com/Valetudox/require-html/issues' },
21 silly publish   homepage: 'https://github.com/Valetudox/require-html#readme',
21 silly publish   gitHead: '22dbe30c4078ae0943c270f40fac173c1b9f0a65',
21 silly publish   readme: 'ERROR: No README data found!',
21 silly publish   _id: 'require-html@1.0.0',
21 silly publish   _shasum: '2bec55034dab973cd2580e94b98a6ef1d6ea6051',
21 silly publish   _from: '.' }
22 verbose getPublishConfig undefined
23 silly mapToRegistry name require-html
24 silly mapToRegistry using default registry
25 silly mapToRegistry registry https://registry.npmjs.org/
26 silly mapToRegistry uri https://registry.npmjs.org/require-html
27 verbose publish registryBase https://registry.npmjs.org/
28 silly publish uploading /Users/vsomodi/.npm/require-html/1.0.0/package.tgz
29 verbose request uri https://registry.npmjs.org/require-html
30 verbose request sending authorization for write operation
31 info attempt registry request try #1 at 3:27:13 PM
32 verbose request using bearer token for auth
33 verbose request id 20e8c89f5ac8e4d7
34 http request PUT https://registry.npmjs.org/require-html
35 http 403 https://registry.npmjs.org/require-html
36 verbose headers { 'content-type': 'application/json',
36 verbose headers   'cache-control': 'max-age=300',
36 verbose headers   'content-length': '106',
36 verbose headers   'accept-ranges': 'bytes',
36 verbose headers   date: 'Wed, 06 Apr 2016 13:27:15 GMT',
36 verbose headers   via: '1.1 varnish',
36 verbose headers   connection: 'keep-alive',
36 verbose headers   'x-served-by': 'cache-fra1242-FRA',
36 verbose headers   'x-cache': 'MISS',
36 verbose headers   'x-cache-hits': '0',
36 verbose headers   'x-timer': 'S1459949234.127889,VS0,VE1005' }
37 verbose request invalidating /Users/vsomodi/.npm/registry.npmjs.org/require-html on PUT
38 error publish Failed PUT 403
39 verbose stack Error: you do not have permission to publish "require-html". Are you logged in as the correct user? : require-html
39 verbose stack     at makeError (/Users/vsomodi/.nvm/versions/node/v5.5.0/lib/node_modules/npm/node_modules/npm-registry-client/lib/request.js:264:12)
39 verbose stack     at CachingRegistryClient.<anonymous> (/Users/vsomodi/.nvm/versions/node/v5.5.0/lib/node_modules/npm/node_modules/npm-registry-client/lib/request.js:252:14)
39 verbose stack     at Request._callback (/Users/vsomodi/.nvm/versions/node/v5.5.0/lib/node_modules/npm/node_modules/npm-registry-client/lib/request.js:172:14)
39 verbose stack     at Request.self.callback (/Users/vsomodi/.nvm/versions/node/v5.5.0/lib/node_modules/npm/node_modules/request/request.js:199:22)
39 verbose stack     at emitTwo (events.js:100:13)
39 verbose stack     at Request.emit (events.js:185:7)
39 verbose stack     at Request.<anonymous> (/Users/vsomodi/.nvm/versions/node/v5.5.0/lib/node_modules/npm/node_modules/request/request.js:1036:10)
39 verbose stack     at emitOne (events.js:95:20)
39 verbose stack     at Request.emit (events.js:182:7)
39 verbose stack     at IncomingMessage.<anonymous> (/Users/vsomodi/.nvm/versions/node/v5.5.0/lib/node_modules/npm/node_modules/request/request.js:963:12)
40 verbose statusCode 403
41 verbose pkgid require-html
42 verbose cwd /Users/vsomodi/Documents/workspace/require-html
43 error Darwin 15.3.0
44 error argv "/Users/vsomodi/.nvm/versions/node/v5.5.0/bin/node" "/Users/vsomodi/.nvm/versions/node/v5.5.0/bin/npm" "publish"
45 error node v5.8.0
46 error npm  v3.7.3
47 error code E403
48 error you do not have permission to publish "require-html". Are you logged in as the correct user? : require-html
49 error If you need help, you may report this error at:
49 error     <https://github.com/npm/npm/issues>
50 verbose exit [ 1, true ]
